<?xml version="1.0" encoding="UTF-8"?>
<!-- Generated by org.testng.reporters.JUnitReportReporter -->
<testsuite hostname="RUDRAPRASAD" failures="0" tests="3" name="testng.SmokeSuite" time="117.510" errors="0" timestamp="2023-10-18T11:25:28 IST" skipped="0">
  <testcase classname="testng.SmokeSuite" name="login" time="20.332"/>
  <testcase classname="testng.SmokeSuite" name="createProject" time="76.774"/>
  <testcase classname="testng.SmokeSuite" name="validateCosting" time="20.404"/>
</testsuite> <!-- testng.SmokeSuite -->
