<?xml version="1.0" encoding="UTF-8"?>
<!-- Generated by org.testng.reporters.JUnitReportReporter -->
<testsuite hostname="RUDRAPRASAD" failures="0" tests="2" name="testng.SmokeSuite" time="86.337" errors="0" timestamp="2023-10-04T20:45:26 IST" skipped="0">
  <testcase classname="testng.SmokeSuite" name="login" time="65.992"/>
  <testcase classname="testng.SmokeSuite" name="validateCosting" time="20.345"/>
</testsuite> <!-- testng.SmokeSuite -->
