<?xml version="1.0" encoding="UTF-8"?>
<!-- Generated by org.testng.reporters.JUnitReportReporter -->
<testsuite hostname="RUDRAPRASAD" failures="0" tests="1" name="testng.Login" time="17.901" errors="0" timestamp="2023-08-18T16:07:27 IST" skipped="0">
  <testcase classname="testng.Login" name="f" time="17.901"/>
</testsuite> <!-- testng.Login -->
