<?xml version="1.0" encoding="UTF-8"?>
<!-- Generated by org.testng.reporters.JUnitReportReporter -->
<testsuite hostname="RUDRAPRASAD" failures="0" tests="1" name="testng.HomePage" time="28.935" errors="0" timestamp="2023-08-18T16:29:52 IST" skipped="0">
  <testcase classname="testng.HomePage" name="pageload" time="28.935"/>
</testsuite> <!-- testng.HomePage -->
